<?xml version="1.0" encoding="UTF-8"?>
<!-- Generated by org.testng.reporters.JUnitReportReporter -->
<testsuite skipped="0" hostname="DESKTOP-OB1OE1J" name="com.nitara.HealthManagement.ViewVaccination" tests="1" failures="0" timestamp="2022-05-29T18:00:03 IST" time="178.331" errors="0">
  <testcase name="Vaccination_ViewData" time="178.331" classname="com.nitara.HealthManagement.ViewVaccination"/>
  <system-out/>
</testsuite> <!-- com.nitara.HealthManagement.ViewVaccination -->
