<?xml version="1.0" encoding="UTF-8"?>
<!-- Generated by org.testng.reporters.JUnitReportReporter -->
<testsuite skipped="0" hostname="DESKTOP-OB1OE1J" name="com.nitara.HealthManagement.ViewTreatment" tests="1" failures="0" timestamp="2022-05-29T17:51:56 IST" time="191.014" errors="0">
  <testcase name="Treatment_ViewData" time="191.014" classname="com.nitara.HealthManagement.ViewTreatment"/>
  <system-out/>
</testsuite> <!-- com.nitara.HealthManagement.ViewTreatment -->
