<?xml version="1.0" encoding="UTF-8"?>
<!-- Generated by org.testng.reporters.JUnitReportReporter -->
<testsuite skipped="0" hostname="DESKTOP-OB1OE1J" name="com.nitara.BreedingManagement.ViewDryPeriod" tests="1" failures="0" timestamp="2022-05-29T17:51:56 IST" time="151.748" errors="0">
  <testcase name="Dry_ViewData" time="151.748" classname="com.nitara.BreedingManagement.ViewDryPeriod"/>
  <system-out/>
</testsuite> <!-- com.nitara.BreedingManagement.ViewDryPeriod -->
