<?xml version="1.0" encoding="UTF-8"?>
<!-- Generated by org.testng.reporters.JUnitReportReporter -->
<testsuite skipped="0" hostname="LAPTOP-U11EM945" name="com.nitara.AccountManagement.Login" tests="1" failures="0" timestamp="2022-06-05T10:27:31 IST" time="59.315" errors="0">
  <testcase name="Login_ValidData" time="59.315" classname="com.nitara.AccountManagement.Login"/>
  <system-out/>
</testsuite> <!-- com.nitara.AccountManagement.Login -->
