<?xml version="1.0" encoding="UTF-8"?>
<!-- Generated by org.testng.reporters.JUnitReportReporter -->
<testsuite skipped="0" hostname="DESKTOP-OB1OE1J" name="com.nitara.BreedingManagement.AddCalving" tests="1" failures="0" timestamp="2022-05-29T17:51:56 IST" time="102.077" errors="0">
  <testcase name="Calving_AddData" time="102.077" classname="com.nitara.BreedingManagement.AddCalving"/>
  <system-out/>
</testsuite> <!-- com.nitara.BreedingManagement.AddCalving -->
