<?xml version="1.0" encoding="UTF-8"?>
<!-- Generated by org.testng.reporters.JUnitReportReporter -->
<testsuite skipped="0" hostname="DESKTOP-OB1OE1J" name="com.nitara.HealthManagement.AddVaccination" tests="1" failures="0" timestamp="2022-05-29T17:51:56 IST" time="112.817" errors="0">
  <testcase name="Vaccination_AddData" time="112.817" classname="com.nitara.HealthManagement.AddVaccination"/>
  <system-out/>
</testsuite> <!-- com.nitara.HealthManagement.AddVaccination -->
