<?xml version="1.0" encoding="UTF-8"?>
<!-- Generated by org.testng.reporters.JUnitReportReporter -->
<testsuite skipped="0" hostname="DESKTOP-OB1OE1J" name="com.nitara.CattleManagement.RegisterMilkingorDryCattle" tests="1" failures="0" timestamp="2022-05-29T18:00:03 IST" time="108.408" errors="0">
  <testcase name="RegisterCattle_MilkingorDryCattle" time="108.408" classname="com.nitara.CattleManagement.RegisterMilkingorDryCattle"/>
  <system-out/>
</testsuite> <!-- com.nitara.CattleManagement.RegisterMilkingorDryCattle -->
