<?xml version="1.0" encoding="UTF-8"?>
<!-- Generated by org.testng.reporters.JUnitReportReporter -->
<testsuite skipped="0" hostname="DESKTOP-OB1OE1J" name="com.nitara.Helper.GenerateRandomData" tests="1" failures="0" timestamp="2021-07-06T12:53:39 IST" time="0.047" errors="0">
  <testcase name="generateRandomPhoneNo" time="0.047" classname="com.nitara.Helper.GenerateRandomData"/>
  <system-out/>
</testsuite> <!-- com.nitara.Helper.GenerateRandomData -->
