<?xml version="1.0" encoding="UTF-8"?>
<!-- Generated by org.testng.reporters.JUnitReportReporter -->
<testsuite skipped="0" hostname="LAPTOP-U11EM945" name="com.nitara.CattleManagement.RegisterBull" tests="1" failures="0" timestamp="2022-06-03T13:22:39 IST" time="143.099" errors="0">
  <testcase name="RegisterCattle_BullTagNumberAccceptsSpecialCharacters" time="143.099" classname="com.nitara.CattleManagement.RegisterBull"/>
  <system-out/>
</testsuite> <!-- com.nitara.CattleManagement.RegisterBull -->
