<?xml version="1.0" encoding="UTF-8"?>
<!-- Generated by org.testng.reporters.JUnitReportReporter -->
<testsuite skipped="0" hostname="DESKTOP-OB1OE1J" name="com.nitara.AccountManagement.RegisterFarm" tests="1" failures="0" timestamp="2022-05-29T17:51:56 IST" time="55.848" errors="0">
  <testcase name="registerFarm" time="55.848" classname="com.nitara.AccountManagement.RegisterFarm"/>
  <system-out/>
</testsuite> <!-- com.nitara.AccountManagement.RegisterFarm -->
