<?xml version="1.0" encoding="UTF-8"?>
<!-- Generated by org.testng.reporters.JUnitReportReporter -->
<testsuite skipped="0" hostname="DESKTOP-OB1OE1J" name="com.nitara.utils.ExcelUtils" tests="1" failures="0" timestamp="2021-12-22T22:25:49 IST" time="0.012" errors="0">
  <testcase name="getPastDate" time="0.012" classname="com.nitara.utils.ExcelUtils"/>
  <system-out/>
</testsuite> <!-- com.nitara.utils.ExcelUtils -->
