<?xml version="1.0" encoding="UTF-8"?>
<!-- Generated by org.testng.reporters.JUnitReportReporter -->
<testsuite skipped="0" hostname="DESKTOP-OB1OE1J" name="com.nitara.HealthManagement.FollowUp" tests="1" failures="0" timestamp="2022-05-29T17:51:56 IST" time="195.583" errors="0">
  <testcase name="FollowUp_AddData" time="195.583" classname="com.nitara.HealthManagement.FollowUp"/>
  <system-out/>
</testsuite> <!-- com.nitara.HealthManagement.FollowUp -->
