<?xml version="1.0" encoding="UTF-8"?>
<!-- Generated by org.testng.reporters.JUnitReportReporter -->
<testsuite skipped="0" hostname="DESKTOP-OB1OE1J" name="com.nitara.CattleManagement.RegisterHeifer" tests="1" failures="0" timestamp="2022-05-29T17:51:56 IST" time="87.795" errors="0">
  <testcase name="RegisterCattle_Heifer" time="87.795" classname="com.nitara.CattleManagement.RegisterHeifer"/>
  <system-out/>
</testsuite> <!-- com.nitara.CattleManagement.RegisterHeifer -->
