<?xml version="1.0" encoding="UTF-8"?>
<!-- Generated by org.testng.reporters.JUnitReportReporter -->
<testsuite skipped="0" hostname="DESKTOP-OB1OE1J" name="com.nitara.BreedingManagement.AddHeat" tests="1" failures="0" timestamp="2022-05-29T17:51:56 IST" time="93.368" errors="0">
  <testcase name="Heat_AddData" time="93.368" classname="com.nitara.BreedingManagement.AddHeat"/>
  <system-out/>
</testsuite> <!-- com.nitara.BreedingManagement.AddHeat -->
