<?xml version="1.0" encoding="UTF-8"?>
<!-- Generated by org.testng.reporters.JUnitReportReporter -->
<testsuite skipped="0" hostname="DESKTOP-OB1OE1J" name="com.nitara.BreedingManagement.ViewPD" tests="1" failures="0" timestamp="2022-05-29T17:51:56 IST" time="178.956" errors="0">
  <testcase name="PD_ViewData" time="178.956" classname="com.nitara.BreedingManagement.ViewPD"/>
  <system-out/>
</testsuite> <!-- com.nitara.BreedingManagement.ViewPD -->
