<?xml version="1.0" encoding="UTF-8"?>
<!-- Generated by org.testng.reporters.JUnitReportReporter -->
<testsuite skipped="0" hostname="LAPTOP-U11EM945" name="com.nitara.AccountManagement.LoginWithOTP" tests="6" failures="0" timestamp="2022-06-06T22:57:25 IST" time="590.016" errors="0">
  <testcase name="LoginwithOTP_ValidData" time="57.368" classname="com.nitara.AccountManagement.LoginWithOTP"/>
  <system-out/>
  <testcase name="LoginWithOTP_ResendOTPMoreThanThreeTimesViaSMS" time="163.608" classname="com.nitara.AccountManagement.LoginWithOTP"/>
  <system-out/>
  <testcase name="LoginWithOTP_ResendOTPMoreThanThreeTimesViaCall" time="203.672" classname="com.nitara.AccountManagement.LoginWithOTP"/>
  <system-out/>
  <testcase name="LoginwithOTP_LessThan4Digits" time="47.983" classname="com.nitara.AccountManagement.LoginWithOTP"/>
  <system-out/>
  <testcase name="LoginwithOTP_IncorrectOTP" time="49.130" classname="com.nitara.AccountManagement.LoginWithOTP"/>
  <system-out/>
  <testcase name="LoginWithOTP_30SecondsCounter" time="68.255" classname="com.nitara.AccountManagement.LoginWithOTP"/>
  <system-out/>
</testsuite> <!-- com.nitara.AccountManagement.LoginWithOTP -->
