<?xml version="1.0" encoding="UTF-8"?>
<!-- Generated by org.testng.reporters.JUnitReportReporter -->
<testsuite hostname="DESKTOP-T1PK72O" failures="0" tests="1" name="com.nitara.VaccinationManagement.EditVaccination" time="92.340" errors="0" timestamp="2021-12-16T17:10:10 IST" skipped="0">
  <testcase classname="com.nitara.VaccinationManagement.EditVaccination" name="AddVaccination" time="92.340"/>
  <system-out/>
</testsuite> <!-- com.nitara.VaccinationManagement.EditVaccination -->
