<?xml version="1.0" encoding="UTF-8"?>
<!-- Generated by org.testng.reporters.JUnitReportReporter -->
<testsuite skipped="0" hostname="DESKTOP-OB1OE1J" name="com.nitara.Breeding.AddInseminationForCattle" tests="1" failures="0" timestamp="2021-08-26T16:09:46 IST" time="201.882" errors="0">
  <testcase name="AddInsemination_ValidData" time="201.882" classname="com.nitara.Breeding.AddInseminationForCattle"/>
  <system-out/>
</testsuite> <!-- com.nitara.Breeding.AddInseminationForCattle -->
