<?xml version="1.0" encoding="UTF-8"?>
<!-- Generated by org.testng.reporters.JUnitReportReporter -->
<testsuite hostname="DESKTOP-T1PK72O" failures="0" tests="1" name="com.nitara.VaccinationManagement.DeleteVaccination" time="56.577" errors="0" timestamp="2021-12-20T21:42:55 IST" skipped="0">
  <testcase classname="com.nitara.VaccinationManagement.DeleteVaccination" name="DeleteVaccination" time="56.577"/>
  <system-out/>
</testsuite> <!-- com.nitara.VaccinationManagement.DeleteVaccination -->
