<?xml version="1.0" encoding="UTF-8"?>
<!-- Generated by org.testng.reporters.JUnitReportReporter -->
<testsuite skipped="0" hostname="DESKTOP-OB1OE1J" name="com.nitara.HealthManagement.AddDeworming" tests="1" failures="0" timestamp="2022-05-29T18:00:03 IST" time="101.151" errors="0">
  <testcase name="Deworming_AddData" time="101.151" classname="com.nitara.HealthManagement.AddDeworming"/>
  <system-out/>
</testsuite> <!-- com.nitara.HealthManagement.AddDeworming -->
