<?xml version="1.0" encoding="UTF-8"?>
<!-- Generated by org.testng.reporters.JUnitReportReporter -->
<testsuite skipped="0" hostname="DESKTOP-OB1OE1J" name="com.nitara.Helper.HelperFunctions" tests="1" failures="0" timestamp="2021-12-29T22:30:58 IST" time="12.413" errors="0">
  <testcase name="getPastDate" time="12.413" classname="com.nitara.Helper.HelperFunctions"/>
  <system-out/>
</testsuite> <!-- com.nitara.Helper.HelperFunctions -->
