<?xml version="1.0" encoding="UTF-8"?>
<!-- Generated by org.testng.reporters.JUnitReportReporter -->
<testsuite skipped="0" hostname="DESKTOP-OB1OE1J" name="com.nitara.AccountManagement.ForgotPin" tests="1" failures="0" timestamp="2022-05-29T17:51:56 IST" time="52.874" errors="0">
  <testcase name="ForgotPIN" time="52.874" classname="com.nitara.AccountManagement.ForgotPin"/>
  <system-out/>
</testsuite> <!-- com.nitara.AccountManagement.ForgotPin -->
